\BOOKMARK [1][-]{section.1}{\376\377\227\000\154\102\122\006\147\220}{}% 1
\BOOKMARK [2][-]{subsection.1.1}{\376\377\227\000\154\102\173\200\217\360}{section.1}% 2
\BOOKMARK [2][-]{subsection.1.2}{\376\377\133\146\165\037\220\011\213\376\174\373\176\337\227\142\124\021\133\371\214\141\116\345\123\312\165\050\142\067\122\006\147\220}{section.1}% 3
\BOOKMARK [2][-]{subsection.1.3}{\376\377\165\050\117\213\126\376}{section.1}% 4
\BOOKMARK [1][-]{section.2}{\376\377\151\202\211\201\213\276\213\241}{}% 5
\BOOKMARK [2][-]{subsection.2.1}{\376\377\123\005\121\163\174\373\116\016\174\373\176\337\147\266\147\204}{section.2}% 6
\BOOKMARK [2][-]{subsection.2.2}{\376\377\176\304\116\366\126\376}{section.2}% 7
\BOOKMARK [2][-]{subsection.2.3}{\376\377\220\350\177\162\126\376}{section.2}% 8
\BOOKMARK [2][-]{subsection.2.4}{\376\377\155\073\122\250\126\376}{section.2}% 9
\BOOKMARK [1][-]{section.3}{\376\377\213\346\176\306\213\276\213\241\116\313\176\315\116\016\174\373\176\337\213\276\213\241}{}% 10
\BOOKMARK [2][-]{subsection.3.1}{\376\377\143\001\116\105\134\102}{section.3}% 11
\BOOKMARK [2][-]{subsection.3.2}{\376\377\116\032\122\241\134\102}{section.3}% 12
\BOOKMARK [3][-]{subsubsection.3.2.1}{\376\377\143\247\122\066\134\102\116\073\211\201\122\237\200\375\174\173}{subsection.3.2}% 13
\BOOKMARK [3][-]{subsubsection.3.2.2}{\376\377\116\032\122\241\134\102\137\002\136\070}{subsection.3.2}% 14
\BOOKMARK [2][-]{subsection.3.3}{\376\377\143\247\122\066\134\102}{section.3}% 15
\BOOKMARK [3][-]{subsubsection.3.3.1}{\376\377\143\247\122\066\134\102\116\073\211\201\122\237\200\375\174\173}{subsection.3.3}% 16
\BOOKMARK [3][-]{subsubsection.3.3.2}{\376\377\166\173\137\125\222\164\147\103\116\016\144\315\117\134\222\164\147\103}{subsection.3.3}% 17
\BOOKMARK [3][-]{subsubsection.3.3.3}{\376\377\143\247\122\066\134\102\137\002\136\070\131\004\164\006}{subsection.3.3}% 18
\BOOKMARK [2][-]{subsection.3.4}{\376\377\121\150\134\100\137\002\136\070\131\004\164\006\147\072\122\066}{section.3}% 19
\BOOKMARK [2][-]{subsection.3.5}{\376\377\122\115\172\357\116\016\124\016\172\357\116\244\116\222\134\001\210\305}{section.3}% 20
\BOOKMARK [2][-]{subsection.3.6}{\376\377\173\054\116\011\145\271\174\173\137\025\121\145}{section.3}% 21
\BOOKMARK [1][-]{section.4}{\376\377\214\003\213\325\116\016\155\113\213\325}{}% 22
\BOOKMARK [2][-]{subsection.4.1}{\376\377\124\016\172\357\123\125\121\103\155\113\213\325}{section.4}% 23
\BOOKMARK [3][-]{subsubsection.4.1.1}{\376\377\145\160\143\156\136\223\217\336\143\245\155\113\213\325}{subsection.4.1}% 24
\BOOKMARK [3][-]{subsubsection.4.1.2}{\376\377\173\241\164\006\124\130\124\016\172\357\116\032\122\241\134\102\122\237\200\375\155\113\213\325}{subsection.4.1}% 25
\BOOKMARK [3][-]{subsubsection.4.1.3}{\376\377\133\146\165\037\124\016\172\357\116\032\122\241\134\102\122\237\200\375\155\113\213\325}{subsection.4.1}% 26
\BOOKMARK [2][-]{subsection.4.2}{\376\377\122\115\172\357\122\237\200\375\155\113\213\325}{section.4}% 27
\BOOKMARK [2][-]{subsection.4.3}{\376\377\155\113\213\325\176\323\147\234\122\006\147\220\116\016\213\250\213\272}{section.4}% 28
\BOOKMARK [2][-]{subsection.4.4}{\376\377\155\113\213\325\116\055\220\107\122\060\166\204\116\073\211\201\225\356\230\230\116\345\123\312\211\343\121\263\145\271\154\325}{section.4}% 29
\BOOKMARK [1][-]{section.5}{\376\377\156\220\172\013\136\217\156\005\123\125\116\016\142\147\210\114\176\323\147\234}{}% 30
\BOOKMARK [1][-]{section.6}{\376\377\140\073\176\323}{}% 31
